<?xml version="1.0" encoding="UTF-8"?>
<testng-results skipped="0" failed="0" ignored="0" total="1" passed="1">
  <reporter-output>
  </reporter-output>
  <suite name="Default suite" duration-ms="3429" started-at="2022-11-13T23:34:34Z" finished-at="2022-11-13T23:34:38Z">
    <groups>
    </groups>
    <test name="Default test" duration-ms="3429" started-at="2022-11-13T23:34:34Z" finished-at="2022-11-13T23:34:38Z">
      <class name="test.ListItemsRemovedTest">
        <test-method status="PASS" signature="navigatetoURL()[pri:0, instance:test.ListItemsRemovedTest@309e345f]" name="navigatetoURL" is-config="true" duration-ms="2521" started-at="2022-11-13T23:34:34Z" finished-at="2022-11-13T23:34:37Z">
          <reporter-output>
          </reporter-output>
        </test-method> <!-- navigatetoURL -->
        <test-method status="PASS" signature="ValidateAllListItem()[pri:0, instance:test.ListItemsRemovedTest@309e345f]" name="ValidateAllListItem" duration-ms="880" started-at="2022-11-13T23:34:37Z" finished-at="2022-11-13T23:34:38Z">
          <reporter-output>
          </reporter-output>
        </test-method> <!-- ValidateAllListItem -->
      </class> <!-- test.ListItemsRemovedTest -->
    </test> <!-- Default test -->
  </suite> <!-- Default suite -->
</testng-results>
